e:\papercodes\uav vision servo\simulation\x64\debug\vc140.pdb
e:\papercodes\uav vision servo\simulation\x64\debug\vc140.idb
e:\papercodes\uav vision servo\simulation\x64\debug\simulation.obj
e:\papercodes\uav vision servo\bin\simulationd.ilk
e:\papercodes\uav vision servo\bin\simulationd.dll
e:\papercodes\uav vision servo\x64\debug\simulationd.pdb
e:\papercodes\uav vision servo\simulation\x64\debug\simulation.res
e:\papercodes\uav vision servo\lib\simulationd.lib
e:\papercodes\uav vision servo\lib\simulationd.exp
e:\papercodes\uav vision servo\simulation\..\bin\simulationd.dll
e:\papercodes\uav vision servo\simulation\x64\debug\simulation.tlog\cl.command.1.tlog
e:\papercodes\uav vision servo\simulation\x64\debug\simulation.tlog\cl.read.1.tlog
e:\papercodes\uav vision servo\simulation\x64\debug\simulation.tlog\cl.write.1.tlog
e:\papercodes\uav vision servo\simulation\x64\debug\simulation.tlog\link.command.1.tlog
e:\papercodes\uav vision servo\simulation\x64\debug\simulation.tlog\link.read.1.tlog
e:\papercodes\uav vision servo\simulation\x64\debug\simulation.tlog\link.write.1.tlog
e:\papercodes\uav vision servo\simulation\x64\debug\simulation.tlog\rc.command.1.tlog
e:\papercodes\uav vision servo\simulation\x64\debug\simulation.tlog\rc.read.1.tlog
e:\papercodes\uav vision servo\simulation\x64\debug\simulation.tlog\rc.write.1.tlog
e:\papercodes\uav vision servo\simulation\x64\debug\simulation.tlog\simulation.write.1u.tlog
