e:\papercodes\uav vision servo\datatransmission\x64\release\vc140.pdb
d:\uav\uav vision servo\datatransmission\x64\release\vc140.pdb
d:\uav\uav vision servo\datatransmission\x64\release\serialport.obj
d:\uav\uav vision servo\datatransmission\x64\release\maincommunication.obj
d:\uav\uav vision servo\datatransmission\x64\release\datatransmission.obj
e:\papercodes\uav vision servo\lib\data_trans.lib
e:\papercodes\uav vision servo\lib\data_trans.exp
d:\uav\uav vision servo\lib\data_trans.lib
d:\uav\uav vision servo\lib\data_trans.exp
d:\uav\uav vision servo\bin\data_trans.dll
d:\uav\uav vision servo\bin\data_trans.ipdb
d:\uav\uav vision servo\bin\data_trans.iobj
d:\uav\uav vision servo\x64\release\data_trans.pdb
d:\uav\uav vision servo\datatransmission\..\bin\data_trans.dll
d:\uav\uav vision servo\datatransmission\x64\release\datatransmission.tlog\cl.command.1.tlog
d:\uav\uav vision servo\datatransmission\x64\release\datatransmission.tlog\cl.read.1.tlog
d:\uav\uav vision servo\datatransmission\x64\release\datatransmission.tlog\cl.write.1.tlog
d:\uav\uav vision servo\datatransmission\x64\release\datatransmission.tlog\datatransmission.write.1u.tlog
d:\uav\uav vision servo\datatransmission\x64\release\datatransmission.tlog\link.command.1.tlog
d:\uav\uav vision servo\datatransmission\x64\release\datatransmission.tlog\link.read.1.tlog
d:\uav\uav vision servo\datatransmission\x64\release\datatransmission.tlog\link.write.1.tlog
