  UAV_GUI.cpp
d:\opencv3.1\opencv\build\include\opencv2\core\mat.hpp(1965): warning C4819: 该文件包含不能在当前代码页(936)中表示的字符。请将该文件保存为 Unicode 格式以防止数据丢失
d:\opencv3.1\opencv\build\include\opencv2\core\persistence.hpp : warning C4819: 该文件包含不能在当前代码页(936)中表示的字符。请将该文件保存为 Unicode 格式以防止数据丢失
d:\opencv3.1\opencv\build\include\opencv2\core\utility.hpp : warning C4819: 该文件包含不能在当前代码页(936)中表示的字符。请将该文件保存为 Unicode 格式以防止数据丢失
d:\opencv3.1\opencv\build\include\opencv2\core\utility.hpp : warning C4819: 该文件包含不能在当前代码页(936)中表示的字符。请将该文件保存为 Unicode 格式以防止数据丢失
d:\uav\uav vision servo\uav vision servo\uav_gui.cpp(25): warning C4101: “wmEvent”: 未引用的局部变量
d:\uav\uav vision servo\uav vision servo\uav_gui.cpp(25): warning C4101: “wmID”: 未引用的局部变量
  正在生成代码...
  正在编译...
  UAV_STRATEGY.cpp
d:\opencv3.1\opencv\build\include\opencv2\core\mat.hpp(1965): warning C4819: 该文件包含不能在当前代码页(936)中表示的字符。请将该文件保存为 Unicode 格式以防止数据丢失
d:\opencv3.1\opencv\build\include\opencv2\core\persistence.hpp : warning C4819: 该文件包含不能在当前代码页(936)中表示的字符。请将该文件保存为 Unicode 格式以防止数据丢失
d:\opencv3.1\opencv\build\include\opencv2\core\utility.hpp : warning C4819: 该文件包含不能在当前代码页(936)中表示的字符。请将该文件保存为 Unicode 格式以防止数据丢失
d:\opencv3.1\opencv\build\include\opencv2\core\utility.hpp : warning C4819: 该文件包含不能在当前代码页(936)中表示的字符。请将该文件保存为 Unicode 格式以防止数据丢失
  正在生成代码...
  正在编译...
  main.cpp
d:\opencv3.1\opencv\build\include\opencv2\core\mat.hpp(1965): warning C4819: 该文件包含不能在当前代码页(936)中表示的字符。请将该文件保存为 Unicode 格式以防止数据丢失
d:\opencv3.1\opencv\build\include\opencv2\core\persistence.hpp : warning C4819: 该文件包含不能在当前代码页(936)中表示的字符。请将该文件保存为 Unicode 格式以防止数据丢失
d:\opencv3.1\opencv\build\include\opencv2\core\utility.hpp : warning C4819: 该文件包含不能在当前代码页(936)中表示的字符。请将该文件保存为 Unicode 格式以防止数据丢失
d:\opencv3.1\opencv\build\include\opencv2\core\utility.hpp : warning C4819: 该文件包含不能在当前代码页(936)中表示的字符。请将该文件保存为 Unicode 格式以防止数据丢失
  VIDEO_STREAM.cpp
d:\opencv3.1\opencv\build\include\opencv2\core\mat.hpp(1965): warning C4819: 该文件包含不能在当前代码页(936)中表示的字符。请将该文件保存为 Unicode 格式以防止数据丢失
d:\opencv3.1\opencv\build\include\opencv2\core\persistence.hpp : warning C4819: 该文件包含不能在当前代码页(936)中表示的字符。请将该文件保存为 Unicode 格式以防止数据丢失
d:\opencv3.1\opencv\build\include\opencv2\core\utility.hpp : warning C4819: 该文件包含不能在当前代码页(936)中表示的字符。请将该文件保存为 Unicode 格式以防止数据丢失
d:\opencv3.1\opencv\build\include\opencv2\core\utility.hpp : warning C4819: 该文件包含不能在当前代码页(936)中表示的字符。请将该文件保存为 Unicode 格式以防止数据丢失
d:\uav\uav vision servo\uav vision servo\video_stream.cpp(149): warning C4244: “=”: 从“int64”转换到“double”，可能丢失数据
d:\uav\uav vision servo\uav vision servo\video_stream.cpp(183): warning C4244: “=”: 从“int64”转换到“double”，可能丢失数据
d:\uav\uav vision servo\uav vision servo\video_stream.cpp(184): warning C4244: “=”: 从“double”转换到“int”，可能丢失数据
  正在生成代码...
  UAV Vision Servo.vcxproj -> D:\UAV\UAV Vision Servo\UAV Vision Servo\..\bin\UAVd.exe
  UAV Vision Servo.vcxproj -> ..\x64\Debug\UAVd.pdb (Full PDB)
