e:\papercodes\uav vision servo\uav vision servo\x64\release\vc140.pdb
e:\papercodes\uav vision servo\uav vision servo\x64\release\uav_gui.obj
e:\papercodes\uav vision servo\uav vision servo\x64\release\main.obj
e:\papercodes\uav vision servo\uav vision servo\x64\release\video_stream.obj
e:\papercodes\uav vision servo\uav vision servo\x64\release\uav_config.obj
d:\uav\uav vision servo\uav vision servo\x64\release\vc140.pdb
d:\uav\uav vision servo\uav vision servo\x64\release\video_stream.obj
d:\uav\uav vision servo\uav vision servo\x64\release\uav_strategy.obj
d:\uav\uav vision servo\uav vision servo\x64\release\uav_gui.obj
d:\uav\uav vision servo\uav vision servo\x64\release\uav_config.obj
d:\uav\uav vision servo\uav vision servo\x64\release\main.obj
e:\papercodes\uav vision servo\bin\uav.exe
e:\papercodes\uav vision servo\bin\uav.ipdb
e:\papercodes\uav vision servo\bin\uav.iobj
e:\papercodes\uav vision servo\x64\release\uav.pdb
e:\papercodes\uav vision servo\uav vision servo\x64\release\uav vision servo.res
d:\uav\uav vision servo\uav vision servo\x64\release\uav vision servo.tlog\cl.command.1.tlog
d:\uav\uav vision servo\uav vision servo\x64\release\uav vision servo.tlog\cl.read.1.tlog
d:\uav\uav vision servo\uav vision servo\x64\release\uav vision servo.tlog\cl.write.1.tlog
d:\uav\uav vision servo\uav vision servo\x64\release\uav vision servo.tlog\link.command.1.tlog
d:\uav\uav vision servo\uav vision servo\x64\release\uav vision servo.tlog\link.read.1.tlog
d:\uav\uav vision servo\uav vision servo\x64\release\uav vision servo.tlog\link.write.1.tlog
d:\uav\uav vision servo\uav vision servo\x64\release\uav vision servo.tlog\rc.command.1.tlog
d:\uav\uav vision servo\uav vision servo\x64\release\uav vision servo.tlog\rc.read.1.tlog
d:\uav\uav vision servo\uav vision servo\x64\release\uav vision servo.tlog\rc.write.1.tlog
