d:\uav\uav vision servo\simulation\x64\release\vc140.pdb
d:\uav\uav vision servo\simulation\x64\release\simulation.obj
d:\uav\uav vision servo\bin\simulation.dll
d:\uav\uav vision servo\bin\simulation.ipdb
d:\uav\uav vision servo\bin\simulation.iobj
d:\uav\uav vision servo\x64\release\simulation.pdb
d:\uav\uav vision servo\simulation\x64\release\simulation.res
d:\uav\uav vision servo\lib\simulation.lib
d:\uav\uav vision servo\lib\simulation.exp
d:\uav\uav vision servo\simulation\..\bin\simulation.dll
d:\uav\uav vision servo\simulation\x64\release\simulation.tlog\cl.command.1.tlog
d:\uav\uav vision servo\simulation\x64\release\simulation.tlog\cl.read.1.tlog
d:\uav\uav vision servo\simulation\x64\release\simulation.tlog\cl.write.1.tlog
d:\uav\uav vision servo\simulation\x64\release\simulation.tlog\link.command.1.tlog
d:\uav\uav vision servo\simulation\x64\release\simulation.tlog\link.read.1.tlog
d:\uav\uav vision servo\simulation\x64\release\simulation.tlog\link.write.1.tlog
d:\uav\uav vision servo\simulation\x64\release\simulation.tlog\rc.command.1.tlog
d:\uav\uav vision servo\simulation\x64\release\simulation.tlog\rc.read.1.tlog
d:\uav\uav vision servo\simulation\x64\release\simulation.tlog\rc.write.1.tlog
d:\uav\uav vision servo\simulation\x64\release\simulation.tlog\simulation.write.1u.tlog
